[1;31m
Start test 1[0m

(  .   ____          _            __ _ _
) /\\ / ___'_ __ _ _(_)_ __  __ _ \ \ \ \
*( ( )\___ | '_ | '_| | '_ \/ _` | \ \ \ \
+ \\/  ___)| |_)| | | | | || (_| |  ) ) ) )
*  '  |____| .__|_| |_|_| |_\__, | / / / /
) =========|_|==============|___/=/_/_/_/
+ :: Spring Boot ::        (v2.3.1.RELEASE)

Û2021-11-17 19:32:31.432  INFO 61604 --- [    Test worker] recipes.RecipesApplication               : Starting RecipesApplication on ev-l4.kzn.21-school.ru with PID 61604 (started by hveiled in /Users/hveiled/IdeaProjects/Recipes/Recipes/task)
¶2021-11-17 19:32:31.435  INFO 61604 --- [    Test worker] recipes.RecipesApplication               : No active profile set, falling back to default profiles: default
¢2021-11-17 19:32:32.847  INFO 61604 --- [    Test worker] .s.d.r.c.RepositoryConfigurationDelegate : Bootstrapping Spring Data JPA repositories in DEFERRED mode.
∫2021-11-17 19:32:32.918  INFO 61604 --- [    Test worker] .s.d.r.c.RepositoryConfigurationDelegate : Finished Spring Data repository scanning in 57ms. Found 2 JPA repository interfaces.
í2021-11-17 19:32:34.191  INFO 61604 --- [    Test worker] o.s.b.w.embedded.tomcat.TomcatWebServer  : Tomcat initialized with port(s): 8881 (http)
2021-11-17 19:32:34.208  INFO 61604 --- [    Test worker] o.apache.catalina.core.StandardService   : Starting service [Tomcat]
ï2021-11-17 19:32:34.209  INFO 61604 --- [    Test worker] org.apache.catalina.core.StandardEngine  : Starting Servlet engine: [Apache Tomcat/9.0.36]
ò2021-11-17 19:32:34.342  INFO 61604 --- [    Test worker] o.a.c.c.C.[Tomcat].[localhost].[/]       : Initializing Spring embedded WebApplicationContext
•2021-11-17 19:32:34.342  INFO 61604 --- [    Test worker] w.s.c.ServletWebServerApplicationContext : Root WebApplicationContext: initialization completed in 2861 ms
Ä2021-11-17 19:32:34.508  INFO 61604 --- [    Test worker] com.zaxxer.hikari.HikariDataSource       : HikariPool-1 - Starting...
Ö2021-11-17 19:32:34.723  INFO 61604 --- [    Test worker] com.zaxxer.hikari.HikariDataSource       : HikariPool-1 - Start completed.
∑2021-11-17 19:32:34.731  INFO 61604 --- [    Test worker] o.s.b.a.h2.H2ConsoleAutoConfiguration    : H2 console available at '/h2'. Database available at 'jdbc:h2:file:../recipes_db'
ú2021-11-17 19:32:34.920  INFO 61604 --- [    Test worker] o.s.s.concurrent.ThreadPoolTaskExecutor  : Initializing ExecutorService 'applicationTaskExecutor'
ü2021-11-17 19:32:35.052  INFO 61604 --- [         task-1] o.hibernate.jpa.internal.util.LogHelper  : HHH000204: Processing PersistenceUnitInfo [name: default]
ò2021-11-17 19:32:35.211  INFO 61604 --- [         task-1] org.hibernate.Version                    : HHH000412: Hibernate ORM core version 5.4.17.Final
û2021-11-17 19:32:35.768  INFO 61604 --- [         task-1] o.hibernate.annotations.common.Version   : HCANN000001: Hibernate Commons Annotations {5.1.0.Final}
õ2021-11-17 19:32:35.807  INFO 61604 --- [    Test worker] o.s.b.a.e.web.EndpointLinksResolver      : Exposing 14 endpoint(s) beneath base path '/actuator'
ú2021-11-17 19:32:35.885  INFO 61604 --- [    Test worker] o.s.s.web.DefaultSecurityFilterChain     : Creating filter chain: any request, [org.springframework.security.web.context.request.async.WebAsyncManagerIntegrationFilter@6b7f4a6c, org.springframework.security.web.context.SecurityContextPersistenceFilter@94f675e, org.springframework.security.web.header.HeaderWriterFilter@1b25133d, org.springframework.security.web.authentication.logout.LogoutFilter@50c9abc9, org.springframework.security.web.authentication.www.BasicAuthenticationFilter@4807f81b, org.springframework.security.web.savedrequest.RequestCacheAwareFilter@3e1275fb, org.springframework.security.web.servletapi.SecurityContextHolderAwareRequestFilter@76471602, org.springframework.security.web.authentication.AnonymousAuthenticationFilter@6ed58da, org.springframework.security.web.session.SessionManagementFilter@38f00b19, org.springframework.security.web.access.ExceptionTranslationFilter@8059011, org.springframework.security.web.access.intercept.FilterSecurityInterceptor@6c0b28eb]
ü2021-11-17 19:32:36.207  INFO 61604 --- [         task-1] org.hibernate.dialect.Dialect            : HHH000400: Using dialect: org.hibernate.dialect.H2Dialect
Ÿ2021-11-17 19:32:37.379  INFO 61604 --- [         task-1] o.h.e.t.j.p.i.JtaPlatformInitiator       : HHH000490: Using JtaPlatform implementation: [org.hibernate.engine.transaction.jta.platform.internal.NoJtaPlatform]
©2021-11-17 19:32:37.413  INFO 61604 --- [         task-1] j.LocalContainerEntityManagerFactoryBean : Initialized JPA EntityManagerFactory for persistence unit 'default'
°2021-11-17 19:32:37.539  INFO 61604 --- [    Test worker] o.s.b.w.embedded.tomcat.TomcatWebServer  : Tomcat started on port(s): 8881 (http) with context path ''
ß2021-11-17 19:32:37.540  INFO 61604 --- [    Test worker] DeferredRepositoryInitializationListener : Triggering deferred initialization of Spring Data repositories‚Ä¶
ã2021-11-17 19:32:37.869  INFO 61604 --- [    Test worker] DeferredRepositoryInitializationListener : Spring Data repositories initialized!
©2021-11-17 19:32:37.880  INFO 61604 --- [    Test worker] recipes.RecipesApplication               : Started RecipesApplication in 7.006 seconds (JVM running for 8.099)
ü2021-11-17 19:32:38.306  INFO 61604 --- [nio-8881-exec-1] o.a.c.c.C.[Tomcat].[localhost].[/]       : Initializing Spring DispatcherServlet 'dispatcherServlet'
é2021-11-17 19:32:38.307  INFO 61604 --- [nio-8881-exec-1] o.s.web.servlet.DispatcherServlet        : Initializing Servlet 'dispatcherServlet'
á2021-11-17 19:32:38.321  INFO 61604 --- [nio-8881-exec-1] o.s.web.servlet.DispatcherServlet        : Completed initialization in 14 ms
[1;31m
Start test 2[0m
É2021-11-17 19:32:38.978  WARN 61604 --- [nio-8881-exec-2] global                                   : saveUser: LoginTest1@test.com
x2021-11-17 19:32:38.979  WARN 61604 --- [nio-8881-exec-2] global                                   : saveUser: Test1111
[1;31m
Start test 3[0m
[1;31m
Start test 4[0m
[1;31m
Start test 5[0m
‘2021-11-17 19:32:39.244  WARN 61604 --- [nio-8881-exec-5] .w.s.m.s.DefaultHandlerExceptionResolver : Resolved [org.springframework.web.bind.MethodArgumentNotValidException: Validation failed for argument [0] in public void recipes.controller.UserRegistrationController.register(recipes.model.User): [Field error in object 'user' on field 'email': rejected value [Test3@testcom]; codes [Pattern.user.email,Pattern.email,Pattern.java.lang.String,Pattern]; arguments [org.springframework.context.support.DefaultMessageSourceResolvable: codes [user.email,email]; arguments []; default message [email],[Ljavax.validation.constraints.Pattern$Flag;@4feed2c7,\w+@\w+\.\w+]; default message [Please provide a valid email address]] ]
[1;31m
Start test 6[0m
‘2021-11-17 19:32:39.251  WARN 61604 --- [nio-8881-exec-6] .w.s.m.s.DefaultHandlerExceptionResolver : Resolved [org.springframework.web.bind.MethodArgumentNotValidException: Validation failed for argument [0] in public void recipes.controller.UserRegistrationController.register(recipes.model.User): [Field error in object 'user' on field 'email': rejected value [Test4test.com]; codes [Pattern.user.email,Pattern.email,Pattern.java.lang.String,Pattern]; arguments [org.springframework.context.support.DefaultMessageSourceResolvable: codes [user.email,email]; arguments []; default message [email],[Ljavax.validation.constraints.Pattern$Flag;@4feed2c7,\w+@\w+\.\w+]; default message [Please provide a valid email address]] ]
[1;31m
Start test 7[0m
ß2021-11-17 19:32:39.259  WARN 61604 --- [nio-8881-exec-7] .w.s.m.s.DefaultHandlerExceptionResolver : Resolved [org.springframework.web.bind.MethodArgumentNotValidException: Validation failed for argument [0] in public void recipes.controller.UserRegistrationController.register(recipes.model.User): [Field error in object 'user' on field 'password': rejected value [Test555]; codes [Size.user.password,Size.password,Size.java.lang.String,Size]; arguments [org.springframework.context.support.DefaultMessageSourceResolvable: codes [user.password,password]; arguments []; default message [password],2147483647,8]; default message [password length must be at least 8 characters]] ]
[1;31m
Start test 8[0m
í2021-11-17 19:32:39.266  WARN 61604 --- [nio-8881-exec-8] .w.s.m.s.DefaultHandlerExceptionResolver : Resolved [org.springframework.web.bind.MethodArgumentNotValidException: Validation failed for argument [0] in public void recipes.controller.UserRegistrationController.register(recipes.model.User): [Field error in object 'user' on field 'password': rejected value [        ]; codes [NotBlank.user.password,NotBlank.password,NotBlank.java.lang.String,NotBlank]; arguments [org.springframework.context.support.DefaultMessageSourceResolvable: codes [user.password,password]; arguments []; default message [password]]; default message [Password is required]] ]
[1;31m
Start test 9[0m
í2021-11-17 19:32:39.349  WARN 61604 --- [nio-8881-exec-9] global                                   : LoginTest2@test.com: userdeatils was created
[1;31m
Start test 10[0m
í2021-11-17 19:32:39.542  WARN 61604 --- [nio-8881-exec-1] global                                   : LoginTest2@test.com: userdeatils was created
[1;31m
Start test 11[0m
í2021-11-17 19:32:39.621  WARN 61604 --- [nio-8881-exec-3] global                                   : LoginTest2@test.com: userdeatils was created
[1;31m
Start test 12[0m
í2021-11-17 19:32:39.743  WARN 61604 --- [nio-8881-exec-4] global                                   : LoginTest2@test.com: userdeatils was created
[1;31m
Start test 13[0m
•2021-11-17 19:32:40.402  INFO 61604 --- [     Thread-335] j.LocalContainerEntityManagerFactoryBean : Closing JPA EntityManagerFactory for persistence unit 'default'
ù2021-11-17 19:32:40.403  INFO 61604 --- [     Thread-335] o.s.s.concurrent.ThreadPoolTaskExecutor  : Shutting down ExecutorService 'applicationTaskExecutor'
ä2021-11-17 19:32:40.404  INFO 61604 --- [     Thread-335] com.zaxxer.hikari.HikariDataSource       : HikariPool-1 - Shutdown initiated...
à2021-11-17 19:32:40.466  INFO 61604 --- [     Thread-335] com.zaxxer.hikari.HikariDataSource       : HikariPool-1 - Shutdown completed.

(  .   ____          _            __ _ _
) /\\ / ___'_ __ _ _(_)_ __  __ _ \ \ \ \
*( ( )\___ | '_ | '_| | '_ \/ _` | \ \ \ \
+ \\/  ___)| |_)| | | | | || (_| |  ) ) ) )
*  '  |____| .__|_| |_|_| |_\__, | / / / /
) =========|_|==============|___/=/_/_/_/
+ :: Spring Boot ::        (v2.3.1.RELEASE)

Û2021-11-17 19:32:40.555  INFO 61604 --- [    Test worker] recipes.RecipesApplication               : Starting RecipesApplication on ev-l4.kzn.21-school.ru with PID 61604 (started by hveiled in /Users/hveiled/IdeaProjects/Recipes/Recipes/task)
¶2021-11-17 19:32:40.555  INFO 61604 --- [    Test worker] recipes.RecipesApplication               : No active profile set, falling back to default profiles: default
¢2021-11-17 19:32:40.843  INFO 61604 --- [    Test worker] .s.d.r.c.RepositoryConfigurationDelegate : Bootstrapping Spring Data JPA repositories in DEFERRED mode.
π2021-11-17 19:32:40.851  INFO 61604 --- [    Test worker] .s.d.r.c.RepositoryConfigurationDelegate : Finished Spring Data repository scanning in 7ms. Found 2 JPA repository interfaces.
í2021-11-17 19:32:40.938  INFO 61604 --- [    Test worker] o.s.b.w.embedded.tomcat.TomcatWebServer  : Tomcat initialized with port(s): 8881 (http)
2021-11-17 19:32:40.939  INFO 61604 --- [    Test worker] o.apache.catalina.core.StandardService   : Starting service [Tomcat]
ï2021-11-17 19:32:40.939  INFO 61604 --- [    Test worker] org.apache.catalina.core.StandardEngine  : Starting Servlet engine: [Apache Tomcat/9.0.36]
ò2021-11-17 19:32:40.954  INFO 61604 --- [    Test worker] o.a.c.c.C.[Tomcat].[localhost].[/]       : Initializing Spring embedded WebApplicationContext
§2021-11-17 19:32:40.954  INFO 61604 --- [    Test worker] w.s.c.ServletWebServerApplicationContext : Root WebApplicationContext: initialization completed in 398 ms
Ä2021-11-17 19:32:40.993  INFO 61604 --- [    Test worker] com.zaxxer.hikari.HikariDataSource       : HikariPool-2 - Starting...
Ö2021-11-17 19:32:40.999  INFO 61604 --- [    Test worker] com.zaxxer.hikari.HikariDataSource       : HikariPool-2 - Start completed.
∑2021-11-17 19:32:40.999  INFO 61604 --- [    Test worker] o.s.b.a.h2.H2ConsoleAutoConfiguration    : H2 console available at '/h2'. Database available at 'jdbc:h2:file:../recipes_db'
ú2021-11-17 19:32:41.046  INFO 61604 --- [    Test worker] o.s.s.concurrent.ThreadPoolTaskExecutor  : Initializing ExecutorService 'applicationTaskExecutor'
ü2021-11-17 19:32:41.049  INFO 61604 --- [         task-1] o.hibernate.jpa.internal.util.LogHelper  : HHH000204: Processing PersistenceUnitInfo [name: default]
ü2021-11-17 19:32:41.053  INFO 61604 --- [         task-1] org.hibernate.dialect.Dialect            : HHH000400: Using dialect: org.hibernate.dialect.H2Dialect
Ÿ2021-11-17 19:32:41.129  INFO 61604 --- [         task-1] o.h.e.t.j.p.i.JtaPlatformInitiator       : HHH000490: Using JtaPlatform implementation: [org.hibernate.engine.transaction.jta.platform.internal.NoJtaPlatform]
©2021-11-17 19:32:41.130  INFO 61604 --- [         task-1] j.LocalContainerEntityManagerFactoryBean : Initialized JPA EntityManagerFactory for persistence unit 'default'
õ2021-11-17 19:32:41.203  INFO 61604 --- [    Test worker] o.s.b.a.e.web.EndpointLinksResolver      : Exposing 14 endpoint(s) beneath base path '/actuator'
û2021-11-17 19:32:41.213  INFO 61604 --- [    Test worker] o.s.s.web.DefaultSecurityFilterChain     : Creating filter chain: any request, [org.springframework.security.web.context.request.async.WebAsyncManagerIntegrationFilter@250275c4, org.springframework.security.web.context.SecurityContextPersistenceFilter@79fd2487, org.springframework.security.web.header.HeaderWriterFilter@7466a484, org.springframework.security.web.authentication.logout.LogoutFilter@4a2b82ca, org.springframework.security.web.authentication.www.BasicAuthenticationFilter@3921172f, org.springframework.security.web.savedrequest.RequestCacheAwareFilter@49974dc5, org.springframework.security.web.servletapi.SecurityContextHolderAwareRequestFilter@89482f7, org.springframework.security.web.authentication.AnonymousAuthenticationFilter@4e7e3160, org.springframework.security.web.session.SessionManagementFilter@35bcf303, org.springframework.security.web.access.ExceptionTranslationFilter@51fc24d1, org.springframework.security.web.access.intercept.FilterSecurityInterceptor@2b034d86]
°2021-11-17 19:32:41.266  INFO 61604 --- [    Test worker] o.s.b.w.embedded.tomcat.TomcatWebServer  : Tomcat started on port(s): 8881 (http) with context path ''
ß2021-11-17 19:32:41.266  INFO 61604 --- [    Test worker] DeferredRepositoryInitializationListener : Triggering deferred initialization of Spring Data repositories‚Ä¶
ã2021-11-17 19:32:41.293  INFO 61604 --- [    Test worker] DeferredRepositoryInitializationListener : Spring Data repositories initialized!
™2021-11-17 19:32:41.297  INFO 61604 --- [    Test worker] recipes.RecipesApplication               : Started RecipesApplication in 0.757 seconds (JVM running for 11.516)
[1;31m
Start test 14[0m
ü2021-11-17 19:32:41.301  INFO 61604 --- [nio-8881-exec-1] o.a.c.c.C.[Tomcat].[localhost].[/]       : Initializing Spring DispatcherServlet 'dispatcherServlet'
é2021-11-17 19:32:41.301  INFO 61604 --- [nio-8881-exec-1] o.s.web.servlet.DispatcherServlet        : Initializing Servlet 'dispatcherServlet'
Ü2021-11-17 19:32:41.304  INFO 61604 --- [nio-8881-exec-1] o.s.web.servlet.DispatcherServlet        : Completed initialization in 3 ms
í2021-11-17 19:32:41.370  WARN 61604 --- [nio-8881-exec-1] global                                   : LoginTest2@test.com: userdeatils was created
[1;31m
Start test 15[0m
í2021-11-17 19:32:41.452  WARN 61604 --- [nio-8881-exec-2] global                                   : LoginTest2@test.com: userdeatils was created
[1;31m
Start test 16[0m
í2021-11-17 19:32:41.525  WARN 61604 --- [nio-8881-exec-4] global                                   : LoginTest2@test.com: userdeatils was created
[1;31m
Start test 17[0m
í2021-11-17 19:32:41.614  WARN 61604 --- [nio-8881-exec-5] global                                   : LoginTest2@test.com: userdeatils was created
[1;31m
Start test 18[0m
í2021-11-17 19:32:41.698  WARN 61604 --- [nio-8881-exec-6] global                                   : LoginTest2@test.com: userdeatils was created
[1;31m
Start test 19[0m
í2021-11-17 19:32:41.788  WARN 61604 --- [nio-8881-exec-7] global                                   : LoginTest2@test.com: userdeatils was created
[1;31m
Start test 20[0m
í2021-11-17 19:32:41.860  WARN 61604 --- [nio-8881-exec-9] global                                   : LoginTest2@test.com: userdeatils was created
[1;31m
Start test 21[0m
í2021-11-17 19:32:41.931  WARN 61604 --- [nio-8881-exec-1] global                                   : LoginTest2@test.com: userdeatils was created
[1;31m
Start test 22[0m
í2021-11-17 19:32:42.013  WARN 61604 --- [nio-8881-exec-3] global                                   : LoginTest2@test.com: userdeatils was created
[1;31m
Start test 23[0m
í2021-11-17 19:32:42.097  WARN 61604 --- [nio-8881-exec-4] global                                   : LoginTest2@test.com: userdeatils was created
[1;31m
Start test 24[0m
í2021-11-17 19:32:42.180  WARN 61604 --- [nio-8881-exec-5] global                                   : LoginTest2@test.com: userdeatils was created
[1;31m
Start test 25[0m
í2021-11-17 19:32:42.264  WARN 61604 --- [nio-8881-exec-7] global                                   : LoginTest2@test.com: userdeatils was created
[1;31m
Start test 26[0m
í2021-11-17 19:32:42.348  WARN 61604 --- [nio-8881-exec-9] global                                   : LoginTest2@test.com: userdeatils was created
[1;31m
Start test 27[0m
í2021-11-17 19:32:42.436  WARN 61604 --- [nio-8881-exec-2] global                                   : LoginTest2@test.com: userdeatils was created
[1;31m
Start test 28[0m
í2021-11-17 19:32:42.521  WARN 61604 --- [nio-8881-exec-3] global                                   : LoginTest2@test.com: userdeatils was created
[1;31m
Start test 29[0m
í2021-11-17 19:32:42.604  WARN 61604 --- [nio-8881-exec-5] global                                   : LoginTest2@test.com: userdeatils was created
[1;31m
Start test 30[0m
í2021-11-17 19:32:42.688  WARN 61604 --- [nio-8881-exec-7] global                                   : LoginTest2@test.com: userdeatils was created
[1;31m
Start test 31[0m
í2021-11-17 19:32:42.772  WARN 61604 --- [nio-8881-exec-1] global                                   : LoginTest2@test.com: userdeatils was created
[1;31m
Start test 32[0m
í2021-11-17 19:32:42.858  WARN 61604 --- [io-8881-exec-10] global                                   : LoginTest2@test.com: userdeatils was created
[1;31m
Start test 33[0m
í2021-11-17 19:32:42.942  WARN 61604 --- [nio-8881-exec-9] global                                   : LoginTest2@test.com: userdeatils was created
[1;31m
Start test 34[0m
í2021-11-17 19:32:43.027  WARN 61604 --- [nio-8881-exec-3] global                                   : LoginTest2@test.com: userdeatils was created
[1;31m
Start test 35[0m
í2021-11-17 19:32:43.099  WARN 61604 --- [nio-8881-exec-4] global                                   : LoginTest2@test.com: userdeatils was created
[1;31m
Start test 36[0m
í2021-11-17 19:32:43.231  WARN 61604 --- [nio-8881-exec-5] global                                   : LoginTest2@test.com: userdeatils was created
[1;31m
Start test 37[0m
í2021-11-17 19:32:43.310  WARN 61604 --- [nio-8881-exec-6] global                                   : LoginTest2@test.com: userdeatils was created
[1;31m
Start test 38[0m
í2021-11-17 19:32:43.380  WARN 61604 --- [nio-8881-exec-8] global                                   : LoginTest2@test.com: userdeatils was created
[1;31m
Start test 39[0m
í2021-11-17 19:32:43.451  WARN 61604 --- [io-8881-exec-10] global                                   : LoginTest2@test.com: userdeatils was created
[1;31m
Start test 40[0m
í2021-11-17 19:32:43.521  WARN 61604 --- [nio-8881-exec-9] global                                   : LoginTest2@test.com: userdeatils was created
[1;31m
Start test 41[0m
í2021-11-17 19:32:43.590  WARN 61604 --- [nio-8881-exec-2] global                                   : LoginTest2@test.com: userdeatils was created
[1;31m
Start test 42[0m
í2021-11-17 19:32:43.660  WARN 61604 --- [nio-8881-exec-3] global                                   : LoginTest2@test.com: userdeatils was created
[1;31m
Start test 43[0m
í2021-11-17 19:32:43.729  WARN 61604 --- [nio-8881-exec-4] global                                   : LoginTest2@test.com: userdeatils was created
¨2021-11-17 19:32:43.794  WARN 61604 --- [nio-8881-exec-4] .w.s.m.s.DefaultHandlerExceptionResolver : Resolved [org.springframework.web.bind.MethodArgumentNotValidException: Validation failed for argument [0] in public java.util.Map<java.lang.String, java.lang.Long> recipes.controller.RecipeRestController.add(recipes.model.Recipe): [Field error in object 'recipe' on field 'name': rejected value [null]; codes [NotBlank.recipe.name,NotBlank.name,NotBlank.java.lang.String,NotBlank]; arguments [org.springframework.context.support.DefaultMessageSourceResolvable: codes [recipe.name,name]; arguments []; default message [name]]; default message [Recipe name should not to be blank]] ]
[1;31m
Start test 44[0m
í2021-11-17 19:32:43.800  WARN 61604 --- [nio-8881-exec-5] global                                   : LoginTest2@test.com: userdeatils was created
»2021-11-17 19:32:43.864  WARN 61604 --- [nio-8881-exec-5] .w.s.m.s.DefaultHandlerExceptionResolver : Resolved [org.springframework.web.bind.MethodArgumentNotValidException: Validation failed for argument [0] in public java.util.Map<java.lang.String, java.lang.Long> recipes.controller.RecipeRestController.add(recipes.model.Recipe): [Field error in object 'recipe' on field 'category': rejected value [null]; codes [NotBlank.recipe.category,NotBlank.category,NotBlank.java.lang.String,NotBlank]; arguments [org.springframework.context.support.DefaultMessageSourceResolvable: codes [recipe.category,category]; arguments []; default message [category]]; default message [Recipe category should not to be blank]] ]
[1;31m
Start test 45[0m
í2021-11-17 19:32:43.869  WARN 61604 --- [nio-8881-exec-6] global                                   : LoginTest2@test.com: userdeatils was created
›2021-11-17 19:32:43.933  WARN 61604 --- [nio-8881-exec-6] .w.s.m.s.DefaultHandlerExceptionResolver : Resolved [org.springframework.web.bind.MethodArgumentNotValidException: Validation failed for argument [0] in public java.util.Map<java.lang.String, java.lang.Long> recipes.controller.RecipeRestController.add(recipes.model.Recipe): [Field error in object 'recipe' on field 'description': rejected value [null]; codes [NotBlank.recipe.description,NotBlank.description,NotBlank.java.lang.String,NotBlank]; arguments [org.springframework.context.support.DefaultMessageSourceResolvable: codes [recipe.description,description]; arguments []; default message [description]]; default message [Recipe description should not to be blank]] ]
[1;31m
Start test 46[0m
í2021-11-17 19:32:43.939  WARN 61604 --- [nio-8881-exec-7] global                                   : LoginTest2@test.com: userdeatils was created
Ã2021-11-17 19:32:44.005  WARN 61604 --- [nio-8881-exec-7] .w.s.m.s.DefaultHandlerExceptionResolver : Resolved [org.springframework.web.bind.MethodArgumentNotValidException: Validation failed for argument [0] in public java.util.Map<java.lang.String, java.lang.Long> recipes.controller.RecipeRestController.add(recipes.model.Recipe): [Field error in object 'recipe' on field 'ingredients': rejected value [[]]; codes [Size.recipe.ingredients,Size.ingredients,Size.java.util.List,Size]; arguments [org.springframework.context.support.DefaultMessageSourceResolvable: codes [recipe.ingredients,ingredients]; arguments []; default message [ingredients],2147483647,1]; default message [Must be at least one ingredient]] ]
[1;31m
Start test 47[0m
í2021-11-17 19:32:44.011  WARN 61604 --- [nio-8881-exec-8] global                                   : LoginTest2@test.com: userdeatils was created
≈2021-11-17 19:32:44.076  WARN 61604 --- [nio-8881-exec-8] .w.s.m.s.DefaultHandlerExceptionResolver : Resolved [org.springframework.web.bind.MethodArgumentNotValidException: Validation failed for argument [0] in public java.util.Map<java.lang.String, java.lang.Long> recipes.controller.RecipeRestController.add(recipes.model.Recipe): [Field error in object 'recipe' on field 'directions': rejected value [[]]; codes [Size.recipe.directions,Size.directions,Size.java.util.List,Size]; arguments [org.springframework.context.support.DefaultMessageSourceResolvable: codes [recipe.directions,directions]; arguments []; default message [directions],2147483647,1]; default message [Must be at least one direction]] ]
[1;31m
Start test 48[0m
í2021-11-17 19:32:44.081  WARN 61604 --- [nio-8881-exec-1] global                                   : LoginTest2@test.com: userdeatils was created
™2021-11-17 19:32:44.145  WARN 61604 --- [nio-8881-exec-1] .w.s.m.s.DefaultHandlerExceptionResolver : Resolved [org.springframework.web.bind.MethodArgumentNotValidException: Validation failed for argument [0] in public java.util.Map<java.lang.String, java.lang.Long> recipes.controller.RecipeRestController.add(recipes.model.Recipe): [Field error in object 'recipe' on field 'name': rejected value [  ]; codes [NotBlank.recipe.name,NotBlank.name,NotBlank.java.lang.String,NotBlank]; arguments [org.springframework.context.support.DefaultMessageSourceResolvable: codes [recipe.name,name]; arguments []; default message [name]]; default message [Recipe name should not to be blank]] ]
[1;31m
Start test 49[0m
í2021-11-17 19:32:44.151  WARN 61604 --- [io-8881-exec-10] global                                   : LoginTest2@test.com: userdeatils was created
∆2021-11-17 19:32:44.215  WARN 61604 --- [io-8881-exec-10] .w.s.m.s.DefaultHandlerExceptionResolver : Resolved [org.springframework.web.bind.MethodArgumentNotValidException: Validation failed for argument [0] in public java.util.Map<java.lang.String, java.lang.Long> recipes.controller.RecipeRestController.add(recipes.model.Recipe): [Field error in object 'recipe' on field 'category': rejected value [  ]; codes [NotBlank.recipe.category,NotBlank.category,NotBlank.java.lang.String,NotBlank]; arguments [org.springframework.context.support.DefaultMessageSourceResolvable: codes [recipe.category,category]; arguments []; default message [category]]; default message [Recipe category should not to be blank]] ]
[1;31m
Start test 50[0m
í2021-11-17 19:32:44.220  WARN 61604 --- [nio-8881-exec-9] global                                   : LoginTest2@test.com: userdeatils was created
€2021-11-17 19:32:44.284  WARN 61604 --- [nio-8881-exec-9] .w.s.m.s.DefaultHandlerExceptionResolver : Resolved [org.springframework.web.bind.MethodArgumentNotValidException: Validation failed for argument [0] in public java.util.Map<java.lang.String, java.lang.Long> recipes.controller.RecipeRestController.add(recipes.model.Recipe): [Field error in object 'recipe' on field 'description': rejected value [  ]; codes [NotBlank.recipe.description,NotBlank.description,NotBlank.java.lang.String,NotBlank]; arguments [org.springframework.context.support.DefaultMessageSourceResolvable: codes [recipe.description,description]; arguments []; default message [description]]; default message [Recipe description should not to be blank]] ]
[1;31m
Start test 51[0m
í2021-11-17 19:32:44.289  WARN 61604 --- [nio-8881-exec-2] global                                   : LoginTest2@test.com: userdeatils was created
Ã2021-11-17 19:32:44.353  WARN 61604 --- [nio-8881-exec-2] .w.s.m.s.DefaultHandlerExceptionResolver : Resolved [org.springframework.web.bind.MethodArgumentNotValidException: Validation failed for argument [0] in public java.util.Map<java.lang.String, java.lang.Long> recipes.controller.RecipeRestController.add(recipes.model.Recipe): [Field error in object 'recipe' on field 'ingredients': rejected value [[]]; codes [Size.recipe.ingredients,Size.ingredients,Size.java.util.List,Size]; arguments [org.springframework.context.support.DefaultMessageSourceResolvable: codes [recipe.ingredients,ingredients]; arguments []; default message [ingredients],2147483647,1]; default message [Must be at least one ingredient]] ]
[1;31m
Start test 52[0m
í2021-11-17 19:32:44.359  WARN 61604 --- [nio-8881-exec-3] global                                   : LoginTest2@test.com: userdeatils was created
≈2021-11-17 19:32:44.423  WARN 61604 --- [nio-8881-exec-3] .w.s.m.s.DefaultHandlerExceptionResolver : Resolved [org.springframework.web.bind.MethodArgumentNotValidException: Validation failed for argument [0] in public java.util.Map<java.lang.String, java.lang.Long> recipes.controller.RecipeRestController.add(recipes.model.Recipe): [Field error in object 'recipe' on field 'directions': rejected value [[]]; codes [Size.recipe.directions,Size.directions,Size.java.util.List,Size]; arguments [org.springframework.context.support.DefaultMessageSourceResolvable: codes [recipe.directions,directions]; arguments []; default message [directions],2147483647,1]; default message [Must be at least one direction]] ]
[1;31m
Start test 53[0m
í2021-11-17 19:32:44.428  WARN 61604 --- [nio-8881-exec-4] global                                   : LoginTest2@test.com: userdeatils was created
ì2021-11-17 19:32:44.492  WARN 61604 --- [nio-8881-exec-4] .w.s.m.s.DefaultHandlerExceptionResolver : Resolved [org.springframework.web.bind.MethodArgumentNotValidException: Validation failed for argument [1] in public void recipes.controller.RecipeRestController.update(java.lang.Long,recipes.model.Recipe): [Field error in object 'recipe' on field 'name': rejected value [null]; codes [NotBlank.recipe.name,NotBlank.name,NotBlank.java.lang.String,NotBlank]; arguments [org.springframework.context.support.DefaultMessageSourceResolvable: codes [recipe.name,name]; arguments []; default message [name]]; default message [Recipe name should not to be blank]] ]
[1;31m
Start test 54[0m
í2021-11-17 19:32:44.498  WARN 61604 --- [nio-8881-exec-5] global                                   : LoginTest2@test.com: userdeatils was created
Ø2021-11-17 19:32:44.562  WARN 61604 --- [nio-8881-exec-5] .w.s.m.s.DefaultHandlerExceptionResolver : Resolved [org.springframework.web.bind.MethodArgumentNotValidException: Validation failed for argument [1] in public void recipes.controller.RecipeRestController.update(java.lang.Long,recipes.model.Recipe): [Field error in object 'recipe' on field 'category': rejected value [null]; codes [NotBlank.recipe.category,NotBlank.category,NotBlank.java.lang.String,NotBlank]; arguments [org.springframework.context.support.DefaultMessageSourceResolvable: codes [recipe.category,category]; arguments []; default message [category]]; default message [Recipe category should not to be blank]] ]
[1;31m
Start test 55[0m
í2021-11-17 19:32:44.568  WARN 61604 --- [nio-8881-exec-6] global                                   : LoginTest2@test.com: userdeatils was created
ƒ2021-11-17 19:32:44.632  WARN 61604 --- [nio-8881-exec-6] .w.s.m.s.DefaultHandlerExceptionResolver : Resolved [org.springframework.web.bind.MethodArgumentNotValidException: Validation failed for argument [1] in public void recipes.controller.RecipeRestController.update(java.lang.Long,recipes.model.Recipe): [Field error in object 'recipe' on field 'description': rejected value [null]; codes [NotBlank.recipe.description,NotBlank.description,NotBlank.java.lang.String,NotBlank]; arguments [org.springframework.context.support.DefaultMessageSourceResolvable: codes [recipe.description,description]; arguments []; default message [description]]; default message [Recipe description should not to be blank]] ]
[1;31m
Start test 56[0m
í2021-11-17 19:32:44.637  WARN 61604 --- [nio-8881-exec-7] global                                   : LoginTest2@test.com: userdeatils was created
≥2021-11-17 19:32:44.702  WARN 61604 --- [nio-8881-exec-7] .w.s.m.s.DefaultHandlerExceptionResolver : Resolved [org.springframework.web.bind.MethodArgumentNotValidException: Validation failed for argument [1] in public void recipes.controller.RecipeRestController.update(java.lang.Long,recipes.model.Recipe): [Field error in object 'recipe' on field 'ingredients': rejected value [[]]; codes [Size.recipe.ingredients,Size.ingredients,Size.java.util.List,Size]; arguments [org.springframework.context.support.DefaultMessageSourceResolvable: codes [recipe.ingredients,ingredients]; arguments []; default message [ingredients],2147483647,1]; default message [Must be at least one ingredient]] ]
[1;31m
Start test 57[0m
í2021-11-17 19:32:44.706  WARN 61604 --- [nio-8881-exec-8] global                                   : LoginTest2@test.com: userdeatils was created
¨2021-11-17 19:32:44.771  WARN 61604 --- [nio-8881-exec-8] .w.s.m.s.DefaultHandlerExceptionResolver : Resolved [org.springframework.web.bind.MethodArgumentNotValidException: Validation failed for argument [1] in public void recipes.controller.RecipeRestController.update(java.lang.Long,recipes.model.Recipe): [Field error in object 'recipe' on field 'directions': rejected value [[]]; codes [Size.recipe.directions,Size.directions,Size.java.util.List,Size]; arguments [org.springframework.context.support.DefaultMessageSourceResolvable: codes [recipe.directions,directions]; arguments []; default message [directions],2147483647,1]; default message [Must be at least one direction]] ]
[1;31m
Start test 58[0m
í2021-11-17 19:32:44.776  WARN 61604 --- [nio-8881-exec-1] global                                   : LoginTest2@test.com: userdeatils was created
ë2021-11-17 19:32:44.840  WARN 61604 --- [nio-8881-exec-1] .w.s.m.s.DefaultHandlerExceptionResolver : Resolved [org.springframework.web.bind.MethodArgumentNotValidException: Validation failed for argument [1] in public void recipes.controller.RecipeRestController.update(java.lang.Long,recipes.model.Recipe): [Field error in object 'recipe' on field 'name': rejected value [  ]; codes [NotBlank.recipe.name,NotBlank.name,NotBlank.java.lang.String,NotBlank]; arguments [org.springframework.context.support.DefaultMessageSourceResolvable: codes [recipe.name,name]; arguments []; default message [name]]; default message [Recipe name should not to be blank]] ]
[1;31m
Start test 59[0m
í2021-11-17 19:32:44.845  WARN 61604 --- [io-8881-exec-10] global                                   : LoginTest2@test.com: userdeatils was created
≠2021-11-17 19:32:44.909  WARN 61604 --- [io-8881-exec-10] .w.s.m.s.DefaultHandlerExceptionResolver : Resolved [org.springframework.web.bind.MethodArgumentNotValidException: Validation failed for argument [1] in public void recipes.controller.RecipeRestController.update(java.lang.Long,recipes.model.Recipe): [Field error in object 'recipe' on field 'category': rejected value [  ]; codes [NotBlank.recipe.category,NotBlank.category,NotBlank.java.lang.String,NotBlank]; arguments [org.springframework.context.support.DefaultMessageSourceResolvable: codes [recipe.category,category]; arguments []; default message [category]]; default message [Recipe category should not to be blank]] ]
[1;31m
Start test 60[0m
í2021-11-17 19:32:44.915  WARN 61604 --- [nio-8881-exec-9] global                                   : LoginTest2@test.com: userdeatils was created
¬2021-11-17 19:32:44.979  WARN 61604 --- [nio-8881-exec-9] .w.s.m.s.DefaultHandlerExceptionResolver : Resolved [org.springframework.web.bind.MethodArgumentNotValidException: Validation failed for argument [1] in public void recipes.controller.RecipeRestController.update(java.lang.Long,recipes.model.Recipe): [Field error in object 'recipe' on field 'description': rejected value [  ]; codes [NotBlank.recipe.description,NotBlank.description,NotBlank.java.lang.String,NotBlank]; arguments [org.springframework.context.support.DefaultMessageSourceResolvable: codes [recipe.description,description]; arguments []; default message [description]]; default message [Recipe description should not to be blank]] ]
[1;31m
Start test 61[0m
í2021-11-17 19:32:44.985  WARN 61604 --- [nio-8881-exec-2] global                                   : LoginTest2@test.com: userdeatils was created
≥2021-11-17 19:32:45.049  WARN 61604 --- [nio-8881-exec-2] .w.s.m.s.DefaultHandlerExceptionResolver : Resolved [org.springframework.web.bind.MethodArgumentNotValidException: Validation failed for argument [1] in public void recipes.controller.RecipeRestController.update(java.lang.Long,recipes.model.Recipe): [Field error in object 'recipe' on field 'ingredients': rejected value [[]]; codes [Size.recipe.ingredients,Size.ingredients,Size.java.util.List,Size]; arguments [org.springframework.context.support.DefaultMessageSourceResolvable: codes [recipe.ingredients,ingredients]; arguments []; default message [ingredients],2147483647,1]; default message [Must be at least one ingredient]] ]
[1;31m
Start test 62[0m
í2021-11-17 19:32:45.054  WARN 61604 --- [nio-8881-exec-3] global                                   : LoginTest2@test.com: userdeatils was created
¨2021-11-17 19:32:45.119  WARN 61604 --- [nio-8881-exec-3] .w.s.m.s.DefaultHandlerExceptionResolver : Resolved [org.springframework.web.bind.MethodArgumentNotValidException: Validation failed for argument [1] in public void recipes.controller.RecipeRestController.update(java.lang.Long,recipes.model.Recipe): [Field error in object 'recipe' on field 'directions': rejected value [[]]; codes [Size.recipe.directions,Size.directions,Size.java.util.List,Size]; arguments [org.springframework.context.support.DefaultMessageSourceResolvable: codes [recipe.directions,directions]; arguments []; default message [directions],2147483647,1]; default message [Must be at least one direction]] ]
[1;31m
Start test 63[0m

(  .   ____          _            __ _ _
) /\\ / ___'_ __ _ _(_)_ __  __ _ \ \ \ \
*( ( )\___ | '_ | '_| | '_ \/ _` | \ \ \ \
+ \\/  ___)| |_)| | | | | || (_| |  ) ) ) )
*  '  |____| .__|_| |_|_| |_\__, | / / / /
) =========|_|==============|___/=/_/_/_/
+ :: Spring Boot ::        (v2.3.1.RELEASE)

Û2021-11-17 19:32:45.657  INFO 61604 --- [    Test worker] recipes.RecipesApplication               : Starting RecipesApplication on ev-l4.kzn.21-school.ru with PID 61604 (started by hveiled in /Users/hveiled/IdeaProjects/Recipes/Recipes/task)
¶2021-11-17 19:32:45.657  INFO 61604 --- [    Test worker] recipes.RecipesApplication               : No active profile set, falling back to default profiles: default
à2021-11-17 19:32:45.773  INFO 61604 --- [     Thread-667] com.zaxxer.hikari.HikariDataSource       : HikariPool-2 - Shutdown completed.
¢2021-11-17 19:32:45.857  INFO 61604 --- [    Test worker] .s.d.r.c.RepositoryConfigurationDelegate : Bootstrapping Spring Data JPA repositories in DEFERRED mode.
π2021-11-17 19:32:45.862  INFO 61604 --- [    Test worker] .s.d.r.c.RepositoryConfigurationDelegate : Finished Spring Data repository scanning in 4ms. Found 2 JPA repository interfaces.
í2021-11-17 19:32:45.927  INFO 61604 --- [    Test worker] o.s.b.w.embedded.tomcat.TomcatWebServer  : Tomcat initialized with port(s): 8881 (http)
2021-11-17 19:32:45.928  INFO 61604 --- [    Test worker] o.apache.catalina.core.StandardService   : Starting service [Tomcat]
ï2021-11-17 19:32:45.928  INFO 61604 --- [    Test worker] org.apache.catalina.core.StandardEngine  : Starting Servlet engine: [Apache Tomcat/9.0.36]
ò2021-11-17 19:32:45.948  INFO 61604 --- [    Test worker] o.a.c.c.C.[Tomcat].[localhost].[/]       : Initializing Spring embedded WebApplicationContext
§2021-11-17 19:32:45.949  INFO 61604 --- [    Test worker] w.s.c.ServletWebServerApplicationContext : Root WebApplicationContext: initialization completed in 290 ms
Ä2021-11-17 19:32:45.976  INFO 61604 --- [    Test worker] com.zaxxer.hikari.HikariDataSource       : HikariPool-3 - Starting...
Ö2021-11-17 19:32:45.981  INFO 61604 --- [    Test worker] com.zaxxer.hikari.HikariDataSource       : HikariPool-3 - Start completed.
∑2021-11-17 19:32:45.981  INFO 61604 --- [    Test worker] o.s.b.a.h2.H2ConsoleAutoConfiguration    : H2 console available at '/h2'. Database available at 'jdbc:h2:file:../recipes_db'
ú2021-11-17 19:32:46.012  INFO 61604 --- [    Test worker] o.s.s.concurrent.ThreadPoolTaskExecutor  : Initializing ExecutorService 'applicationTaskExecutor'
ü2021-11-17 19:32:46.015  INFO 61604 --- [         task-1] o.hibernate.jpa.internal.util.LogHelper  : HHH000204: Processing PersistenceUnitInfo [name: default]
ü2021-11-17 19:32:46.018  INFO 61604 --- [         task-1] org.hibernate.dialect.Dialect            : HHH000400: Using dialect: org.hibernate.dialect.H2Dialect
Ÿ2021-11-17 19:32:46.065  INFO 61604 --- [         task-1] o.h.e.t.j.p.i.JtaPlatformInitiator       : HHH000490: Using JtaPlatform implementation: [org.hibernate.engine.transaction.jta.platform.internal.NoJtaPlatform]
©2021-11-17 19:32:46.065  INFO 61604 --- [         task-1] j.LocalContainerEntityManagerFactoryBean : Initialized JPA EntityManagerFactory for persistence unit 'default'
õ2021-11-17 19:32:46.118  INFO 61604 --- [    Test worker] o.s.b.a.e.web.EndpointLinksResolver      : Exposing 14 endpoint(s) beneath base path '/actuator'
ü2021-11-17 19:32:46.126  INFO 61604 --- [    Test worker] o.s.s.web.DefaultSecurityFilterChain     : Creating filter chain: any request, [org.springframework.security.web.context.request.async.WebAsyncManagerIntegrationFilter@3a6eca6b, org.springframework.security.web.context.SecurityContextPersistenceFilter@46ac50a1, org.springframework.security.web.header.HeaderWriterFilter@64d3b9b3, org.springframework.security.web.authentication.logout.LogoutFilter@7e4eb98c, org.springframework.security.web.authentication.www.BasicAuthenticationFilter@54c542ad, org.springframework.security.web.savedrequest.RequestCacheAwareFilter@4f4cbdbd, org.springframework.security.web.servletapi.SecurityContextHolderAwareRequestFilter@362b8bc6, org.springframework.security.web.authentication.AnonymousAuthenticationFilter@7a5995f4, org.springframework.security.web.session.SessionManagementFilter@5357ea74, org.springframework.security.web.access.ExceptionTranslationFilter@70cf24c5, org.springframework.security.web.access.intercept.FilterSecurityInterceptor@21bffd91]
°2021-11-17 19:32:46.168  INFO 61604 --- [    Test worker] o.s.b.w.embedded.tomcat.TomcatWebServer  : Tomcat started on port(s): 8881 (http) with context path ''
ß2021-11-17 19:32:46.169  INFO 61604 --- [    Test worker] DeferredRepositoryInitializationListener : Triggering deferred initialization of Spring Data repositories‚Ä¶
ã2021-11-17 19:32:46.193  INFO 61604 --- [    Test worker] DeferredRepositoryInitializationListener : Spring Data repositories initialized!
™2021-11-17 19:32:46.197  INFO 61604 --- [    Test worker] recipes.RecipesApplication               : Started RecipesApplication in 0.555 seconds (JVM running for 16.416)
[1;31m
Start test 64[0m
ü2021-11-17 19:32:46.200  INFO 61604 --- [nio-8881-exec-1] o.a.c.c.C.[Tomcat].[localhost].[/]       : Initializing Spring DispatcherServlet 'dispatcherServlet'
é2021-11-17 19:32:46.200  INFO 61604 --- [nio-8881-exec-1] o.s.web.servlet.DispatcherServlet        : Initializing Servlet 'dispatcherServlet'
Ü2021-11-17 19:32:46.202  INFO 61604 --- [nio-8881-exec-1] o.s.web.servlet.DispatcherServlet        : Completed initialization in 2 ms
í2021-11-17 19:32:46.269  WARN 61604 --- [nio-8881-exec-1] global                                   : LoginTest1@test.com: userdeatils was created
[1;31m
Start test 65[0m
í2021-11-17 19:32:46.351  WARN 61604 --- [nio-8881-exec-2] global                                   : LoginTest1@test.com: userdeatils was created
[1;31m
Start test 66[0m
í2021-11-17 19:32:46.425  WARN 61604 --- [nio-8881-exec-4] global                                   : LoginTest1@test.com: userdeatils was created
[1;31m
Start test 67[0m
í2021-11-17 19:32:46.500  WARN 61604 --- [nio-8881-exec-5] global                                   : LoginTest1@test.com: userdeatils was created
[1;31m
Start test 68[0m
í2021-11-17 19:32:46.574  WARN 61604 --- [nio-8881-exec-7] global                                   : LoginTest3@test.com: userdeatils was created
[1;31m
Start test 69[0m
í2021-11-17 19:32:46.646  WARN 61604 --- [nio-8881-exec-9] global                                   : LoginTest3@test.com: userdeatils was created
[1;31m
Start test 70[0m
[1;31m
Start test 71[0m
[1;31m
Start test 72[0m
[1;31m
Start test 73[0m
[1;31m
Start test 74[0m
[1;31m
Start test 75[0m
[1;31m
Start test 76[0m
[1;31m
Start test 77[0m
[1;31m
Start test 78[0m
[1;31m
Start test 79[0m
[1;31m
Start test 80[0m
[1;31m
Start test 81[0m
